[0mPOST /api/v1/auths/signup [33m404[0m 487.085 ms - 96[0m
[0mPOST /api/v1/auths/signup [33m404[0m 470.733 ms - 96[0m
[0mPOST /api/v1/auths/signup [32m201[0m 575.251 ms - 489[0m
[0mPOST /api/v1/auths/signin [33m400[0m 487.769 ms - 89[0m
[0mPOST /api/v1/auths/signup [33m404[0m 457.221 ms - 96[0m
[0mPOST /api/v1/auths/signin [32m200[0m 437.501 ms - 404[0m
<<<<<<< HEAD
[0mPOST /api/v1/auths/signup [33m404[0m 467.629 ms - 96[0m
[0mPOST /api/v1/auths/signup [33m404[0m 21339.146 ms - 72[0m
[0mPOST /api/v1/auths/signup [32m201[0m 12248.495 ms - 489[0m
[0mPOST /api/v1/auths/signin [32m200[0m 437.717 ms - 408[0m
[0mPOST /api/v1/auths/signup [32m201[0m 534.838 ms - 483[0m
[0mGET /api/v1/users [32m200[0m 328.167 ms - 258[0m
[0mPOST /api/v1/products [33m400[0m 175.816 ms - 159[0m
[0mPOST /api/v1/products [33m400[0m 180.166 ms - 123[0m
[0mPOST /api/v1/products [32m200[0m 1018.928 ms - 251[0m
[0mGET /api/v1/products [32m200[0m 211.299 ms - 221[0m
[0mGET /api/v1/6345d535f43ce92d4db911ce [33m404[0m 3.700 ms - 170[0m
[0mGET /api/v1/products/6345d535f43ce92d4db911ce [32m200[0m 1635.397 ms - 211[0m
[0mPUT /api/v1/products/6345d535f43ce92d4db911ce [32m200[0m 548.678 ms - 211[0m
[0mGET /api/v1/products/6345d535f43ce92d4db911ce [32m200[0m 184.665 ms - 211[0m
[0mGET /api/v1/products [32m200[0m 161.142 ms - 221[0m
[0mDELETE /api/v1/products/6345d535f43ce92d4db911ce [33m403[0m 0.710 ms - 27[0m
[0mDELETE /api/v1/products/6345d535f43ce92d4db911ce [33m403[0m 0.668 ms - 27[0m
[0mDELETE /api/v1/products/6345d535f43ce92d4db911ce [33m400[0m 241.253 ms - 94[0m
[0mDELETE /api/v1/products/6345d535f43ce92d4db911ce [33m404[0m 376.307 ms - 54[0m
[0mDELETE /api/v1/products/6345d535f43ce92d4db911ce [33m404[0m 1636.010 ms - 54[0m
[0mDELETE /api/v1/products/6345d535f43ce92d4db911ce [33m400[0m 216.829 ms - 94[0m
[0mDELETE /api/v1/products/6345d535f43ce92d4db911ce [33m404[0m 425.160 ms - 54[0m
[0mDELETE /api/v1/products/6345d535f43ce92d4db911ce [33m404[0m 1163.756 ms - 54[0m
[0mDELETE /api/v1/products/?id=6345d535f43ce92d4db911ce [33m404[0m 5.765 ms - 158[0m
[0mDELETE /api/v1/products/6345d535f43ce92d4db911ce [33m404[0m 352.040 ms - 54[0m
[0mDELETE /api/v1/products/6345d535f43ce92d4db911ce [32m201[0m 416.650 ms - 56[0m
[0mDELETE /api/v1/products/6345d535f43ce92d4db911ce [33m404[0m 758.324 ms - 54[0m
[0mGET /api/v1/products [32m200[0m 195.066 ms - 50[0m
[0mGET /api/v1/products/6345d535f43ce92d4db911ce [32m200[0m 159.545 ms - 44[0m
[0mGET /api/v1/products/6345d535f43ce92d4db911ce [32m200[0m 568.416 ms - 44[0m
=======
[0mPOST /api/v1/auths/signin [32m200[0m 438.736 ms - 404[0m
[0mPOST /api/v1/auths/signin [33m401[0m 322.225 ms - 55[0m
[0mPOST /api/v1/auths/signin [33m401[0m 400.626 ms - 55[0m
[0mPOST /api/v1/auths/signin [32m200[0m 391.140 ms - 404[0m
[0mPOST /api/v1/auths/signin [32m200[0m 1760.890 ms - 404[0m
[0mPUT /api/v1/auths/ [32m200[0m 542.212 ms - 192[0m
[0mPOST /api/v1/auths/ [32m200[0m 593.328 ms - 58[0m
[0mPOST /api/v1/auths/signin [33m401[0m 416.759 ms - 55[0m
[0mPOST /api/v1/auths/signin [32m200[0m 529.535 ms - 404[0m
>>>>>>> 094cd938a91cd47d141af2781d4b95eac084d54c
[0mGET /api/v1/users [33m404[0m 10.272 ms - 151[0m
[0mGET /api/v1/users [33m404[0m 2.289 ms - 151[0m
[0mGET /api/v1/users/ [33m404[0m 0.724 ms - 152[0m
[0mPOST /api/v1/auths/signin [32m200[0m 334.602 ms - 408[0m
[0mGET /api/v1/users [33m404[0m 3.142 ms - 151[0m
[0mPOST /api/v1/auths/signup [33m404[0m 462.084 ms - 96[0m
[0mPOST /api/v1/auths/signin [32m200[0m 532.131 ms - 408[0m
[0mGET /api/v1/users [33m403[0m 1.510 ms - 27[0m
[0mGET /api/v1/users [32m200[0m 421.446 ms - 258[0m
[0mGET /api/v1/users [33m404[0m 7.984 ms - 151[0m
[0mPOST /api/v1/auths/signin [32m200[0m 586.027 ms - 408[0m
[0mGET /api/v1/users [32m200[0m 364.790 ms - 258[0m
[0mPOST /api/v1/auths/signin [32m200[0m 422.593 ms - 408[0m
[0mPOST /api/v1/auths/signin [32m200[0m 312.299 ms - 408[0m
[0mPOST /api/v1/auths/signin [32m200[0m 312.461 ms - 408[0m
[0mGET /api/v1/users [32m200[0m 362.776 ms - 258[0m
[0mGET /api/v1/users [32m200[0m 332.504 ms - 258[0m
[0mGET /api/v1/users [32m200[0m 327.996 ms - 258[0m
[0mGET /api/v1/users [32m200[0m 325.582 ms - 258[0m
[0mGET /api/v1/users/6345d373f43ce92d4db911bb [32m200[0m 347.144 ms - 133[0m
[0mGET /api/v1/users/6345d373f43ce92d4db911bb [32m200[0m 387.005 ms - 133[0m
[0mDELETE /api/v1/users/6334375f5a8d9cd9aea20760 [33m404[0m 320.157 ms - 54[0m
[0mGET /api/v1/products [33m404[0m 4.412 ms - 154[0m
[0mGET /api/v1/products [33m404[0m 0.682 ms - 154[0m
[0mPOST /api/v1/auths/signin [32m200[0m 412.882 ms - 408[0m
[0mPOST /api/v1/auths/signin [32m200[0m 352.671 ms - 408[0m
[0mPOST /api/v1/auths/signin [32m200[0m 352.790 ms - 408[0m
[0mGET /api/v1/users [32m200[0m 331.641 ms - 258[0m
[0mGET /api/v1/users/6345d373f43ce92d4db911bb [32m200[0m 320.694 ms - 133[0m
[0mGET /api/v1/users [32m200[0m 305.323 ms - 258[0m
[0mPOST /api/v1/products [33m401[0m 159.297 ms - 47[0m
[0mPOST /api/v1/auths/signin [32m200[0m 332.508 ms - 402[0m
[0mPOST /api/v1/products [32m200[0m 364.471 ms - 251[0m
[0mGET /api/v1/products [32m200[0m 151.887 ms - 221[0m
[0mGET /api/v1/products/6347ef19dfe52c39eb69e5ca [32m200[0m 155.488 ms - 211[0m
[0mPUT /api/v1/products/6347ef19dfe52c39eb69e5ca [32m200[0m 502.351 ms - 211[0m
[0mPUT /api/v1/products/6347ef19dfe52c39eb69e5ca [32m200[0m 451.927 ms - 211[0m
[0mGET /api/v1/products [32m200[0m 155.634 ms - 221[0m
[0mGET /api/v1/users [32m200[0m 376.537 ms - 258[0m
[0mPOST /api/v1/auths/signin [32m200[0m 349.748 ms - 408[0m
[0mGET /api/v1/carts [33m404[0m 6.343 ms - 151[0m
[0mPOST /api/v1/carts [31m500[0m 387.722 ms - 20[0m
[0mPOST /api/v1/carts [33m404[0m 481.765 ms - 47[0m
[0mGET /api/v1/products [32m200[0m 155.173 ms - 221[0m
[0mPOST /api/v1/carts [33m404[0m 463.664 ms - 47[0m
[0mPOST /api/v1/carts [33m404[0m 557.109 ms - 47[0m
[0mPOST /api/v1/carts [31m500[0m 957.542 ms - 20[0m
[0mPOST /api/v1/carts [32m201[0m 628.802 ms - 292[0m
[0mPOST /api/v1/carts [33m404[0m 919.421 ms - 47[0m
[0mPOST /api/v1/carts [33m404[0m 365.475 ms - 47[0m
[0mPOST /api/v1/carts [32m201[0m 532.872 ms - 292[0m
[0mPOST /api/v1/carts [33m403[0m 0.698 ms - 27[0m
[0mPOST /api/v1/auths/signin [32m200[0m 350.572 ms - 408[0m
[0mPOST /api/v1/carts [33m404[0m 336.403 ms - 47[0m
[0mPOST /api/v1/carts [33m404[0m 330.334 ms - 47[0m
[0mPOST /api/v1/orders [32m201[0m 485.211 ms - 191[0m
[0mGET /api/v1/orders/checkout [32m200[0m 437.208 ms - 194[0m
[0mPOST /api/v1/auths/signin [32m200[0m 289.476 ms - 408[0m
[0mGET /api/v1/orders/checkout [32m200[0m 339.326 ms - 194[0m
[0mPOST /api/v1/orders/checkout [33m400[0m 8562.923 ms - 15[0m
[0mPOST /api/v1/orders/checkout [33m400[0m 21480.096 ms - 15[0m
[0mPOST /api/v1/orders/checkout [33m400[0m 5101.328 ms - 15[0m
[0mPOST /api/v1/carts [32m201[0m 869.227 ms - 292[0m
[0mPOST /api/v1/orders/checkout [33m400[0m 5482.734 ms - 15[0m
[0mPOST /api/v1/orders/checkout [33m400[0m 205.248 ms - 15[0m
[0mPOST /api/v1/orders/checkout [33m400[0m 159.554 ms - 15[0m
[0mPOST /api/v1/orders/checkout [33m400[0m 231.927 ms - 15[0m
[0mPOST /api/v1/orders/checkout [33m400[0m 230.603 ms - 15[0m
[0mPOST /api/v1/orders/checkout [33m400[0m 194.272 ms - 15[0m
[0mPOST /api/v1/carts [32m201[0m 657.888 ms - 292[0m
[0mPOST /api/v1/orders/checkout [33m400[0m 326.580 ms - 15[0m
[0mPOST /api/v1/orders/checkout [33m400[0m 397.863 ms - 15[0m
[0mPOST /api/v1/orders/checkout [33m400[0m 418.161 ms - 15[0m
[0mPOST /api/v1/orders/checkout [33m400[0m 22809.181 ms - 15[0m
[0mPOST /api/v1/orders/checkout [33m400[0m 6468.572 ms - 15[0m
[0mPOST /api/v1/orders/checkout [33m400[0m 8597.730 ms - 2[0m
[0mPOST /api/v1/orders/checkout [33m400[0m 24460.859 ms - 0[0m
[0mPOST /api/v1/orders/checkout [33m400[0m 5646.057 ms - 0[0m
[0mPOST /api/v1/orders/checkout [33m400[0m 1338.218 ms - 0[0m
[0mPOST /api/v1/orders/checkout [33m400[0m 5791.889 ms - 2[0m
[0mPOST /api/v1/orders/checkout [33m400[0m 2101.781 ms - 2[0m
[0mGET /api/v1/users [32m200[0m 350.776 ms - 258[0m
[0mPOST /api/v1/orders/checkout [33m400[0m 15557.385 ms - 2[0m
[0mPOST /api/v1/orders/checkout [33m400[0m 7387.648 ms - 2[0m
[0mPOST /api/v1/orders/checkout [33m400[0m 1727.496 ms - 2[0m
[0mPOST /api/v1/orders/checkout [33m400[0m 4908.779 ms - 2[0m
[0mPOST /api/v1/orders/checkout [33m400[0m 6187.154 ms - 2[0m
[0mPOST /api/v1/orders/checkout [33m400[0m 5373.308 ms - 2[0m
[0mPOST /api/v1/orders/checkout [33m400[0m 4725.391 ms - 2[0m
[0mPOST /api/v1/orders/checkout [33m400[0m 1716.200 ms - 2[0m
[0mPOST /api/v1/orders/checkout [33m400[0m 5766.543 ms - 2[0m
[0mPOST /api/v1/orders/checkout [33m400[0m 1435.980 ms - 2[0m
[0mPOST /api/v1/orders/checkout [33m400[0m 6043.401 ms - 2[0m
[0mPOST /api/v1/orders/checkout [33m400[0m 1522.884 ms - 2[0m
[0mPOST /api/v1/orders/checkout [32m201[0m 6633.184 ms - 154[0m
[0mPOST /api/v1/orders/checkout [33m400[0m 382.322 ms - 14[0m
[0mPOST /api/v1/carts [32m201[0m 543.173 ms - 292[0m
[0mPOST /api/v1/orders/checkout [32m201[0m 5107.570 ms - 142[0m
[0mPOST /api/v1/orders/checkout [33m400[0m 373.981 ms - 14[0m
[0mPOST /api/v1/carts [32m201[0m 557.138 ms - 292[0m
[0mPOST /api/v1/orders/checkout [32m201[0m 5218.358 ms - 142[0m
[0mPOST /api/v1/carts [32m201[0m 550.922 ms - 292[0m
[0mPOST /api/v1/orders/checkout [33m400[0m 1292.891 ms - 2[0m
[0mPOST /api/v1/orders/checkout [32m201[0m 5501.579 ms - 402[0m
[0mPOST /api/v1/carts [32m201[0m 559.210 ms - 292[0m
[0mPOST /api/v1/orders/checkout [33m400[0m 5011.009 ms - 2[0m
[0mPOST /api/v1/orders/checkout [33m400[0m 1495.683 ms - 2[0m
[0mPOST /api/v1/orders/checkout [32m201[0m 5517.726 ms - 422[0m
[0mGET /api/v1/orders [33m403[0m 5.356 ms - 27[0m
[0mGET /api/v1/orders [32m200[0m 598.458 ms - 372[0m
[0mPOST /api/v1/carts [32m201[0m 619.793 ms - 292[0m
[0mPOST /api/v1/orders/checkout [32m201[0m 5916.471 ms - 422[0m
[0mGET /api/v1/orders [32m200[0m 584.186 ms - 500[0m
[0mPOST /api/v1/carts [32m201[0m 593.661 ms - 292[0m
[0mGET /api/v1/orders [32m200[0m 560.466 ms - 500[0m
[0mPOST /api/v1/carts [32m201[0m 586.340 ms - 292[0m
[0mPOST /api/v1/orders/checkout [32m201[0m 6050.747 ms - 422[0m
[0mGET /api/v1/orders [32m200[0m 525.611 ms - 628[0m
[0mPOST /api/v1/carts [32m201[0m 1774.500 ms - 292[0m
[0mPOST /api/v1/orders/checkout [32m201[0m 5162.164 ms - 422[0m
[0mGET /api/v1/orders [32m200[0m 526.483 ms - 296[0m
[0mPOST /api/v1/carts [32m201[0m 624.769 ms - 292[0m
[0mPOST /api/v1/orders/checkout [33m400[0m 1325.739 ms - 2[0m
[0mPOST /api/v1/carts [32m201[0m 629.782 ms - 292[0m
[0mPOST /api/v1/orders/checkout [32m201[0m 5404.872 ms - 422[0m
[0mGET /api/v1/orders [32m200[0m 526.944 ms - 180[0m
[0mPOST /api/v1/carts [32m201[0m 628.498 ms - 292[0m
[0mPOST /api/v1/orders/checkout [32m201[0m 5519.470 ms - 422[0m
[0mGET /api/v1/orders [32m200[0m 730.680 ms - 308[0m
[0mPOST /api/v1/carts [32m201[0m 559.790 ms - 292[0m
[0mPOST /api/v1/orders/checkout [32m201[0m 4964.767 ms - 422[0m
[0mGET /api/v1/orders [32m200[0m 524.589 ms - 480[0m
[0mGET /api/v1/orders [32m200[0m 387.282 ms - 53[0m
[0mPOST /api/v1/carts [32m201[0m 545.411 ms - 292[0m
[0mPOST /api/v1/orders/checkout [32m201[0m 4706.750 ms - 198[0m
[0mPOST /api/v1/carts [32m201[0m 567.430 ms - 292[0m
[0mPOST /api/v1/orders/checkout [33m400[0m 5024.672 ms - 1034[0m
[0mPOST /api/v1/carts [32m201[0m 544.914 ms - 292[0m
[0mPOST /api/v1/orders/checkout [33m400[0m 1298.298 ms - 2[0m
[0mPOST /api/v1/carts [32m201[0m 618.735 ms - 292[0m
[0mPOST /api/v1/orders/checkout [33m400[0m 4624.842 ms - 1547[0m
[0mPOST /api/v1/carts [32m201[0m 536.954 ms - 292[0m
[0mPOST /api/v1/orders/checkout [33m400[0m 4607.571 ms - 1547[0m
[0mPOST /api/v1/carts [32m201[0m 541.892 ms - 292[0m
[0mPOST /api/v1/orders/checkout [33m400[0m 4581.061 ms - 1547[0m
[0mPOST /api/v1/carts [32m201[0m 1445.701 ms - 292[0m
[0mPOST /api/v1/orders/checkout [33m400[0m 11597.023 ms - 1547[0m
[0mPOST /api/v1/carts [32m201[0m 615.092 ms - 292[0m
[0mPOST /api/v1/orders/checkout [33m400[0m 1519.937 ms - 2[0m
[0mPOST /api/v1/carts [32m201[0m 593.211 ms - 292[0m
[0mPOST /api/v1/orders/checkout [33m400[0m 1290.397 ms - 2[0m
[0mPOST /api/v1/carts [32m201[0m 935.527 ms - 292[0m
[0mPOST /api/v1/orders/checkout [33m400[0m 5590.138 ms - 2[0m
[0mPOST /api/v1/carts [32m201[0m 614.642 ms - 292[0m
[0mPOST /api/v1/orders/checkout [33m400[0m 1417.004 ms - 2[0m
[0mPOST /api/v1/carts [32m201[0m 768.427 ms - 292[0m
[0mPOST /api/v1/orders/checkout [32m201[0m 6022.691 ms - 198[0m
[0mPOST /api/v1/carts [32m201[0m 891.741 ms - 292[0m
[0mPOST /api/v1/orders/checkout [32m201[0m 5617.633 ms - 220[0m
[0mGET /api/v1/products/63489528b5c0cb09e77b2b44 [32m200[0m 266.557 ms - 44[0m
[0mGET /api/v1/products [32m200[0m 149.868 ms - 221[0m
[0mPOST /api/v1/carts [32m201[0m 480.920 ms - 292[0m
[0mPOST /api/v1/orders/checkout [32m201[0m 6073.646 ms - 220[0m
[0mPOST /api/v1/carts [32m201[0m 677.486 ms - 292[0m
[0mPOST /api/v1/orders/checkout [32m201[0m 6316.541 ms - 220[0m
[0mPOST /api/v1/carts [32m201[0m 1062.998 ms - 292[0m
[0mPOST /api/v1/orders/checkout [32m201[0m 7098.448 ms - 220[0m
[0mPOST /api/v1/carts [32m201[0m 613.640 ms - 292[0m
[0mPOST /api/v1/orders/checkout [32m201[0m 5956.005 ms - 220[0m
[0mPOST /api/v1/carts [32m201[0m 568.670 ms - 292[0m
[0mPOST /api/v1/orders/checkout [32m201[0m 5274.528 ms - 286[0m
[0mPOST /api/v1/carts [33m404[0m 390.512 ms - 47[0m
[0mGET /api/v1/products [32m200[0m 172.578 ms - 221[0m
[0mPOST /api/v1/carts [33m404[0m 881.765 ms - 47[0m
[0mPOST /api/v1/carts [33m404[0m 568.976 ms - 47[0m
[0mPOST /api/v1/carts [33m404[0m 362.361 ms - 47[0m
[0mPOST /api/v1/carts [33m404[0m 1012.786 ms - 47[0m
[0mPOST /api/v1/carts [31m500[0m 454.997 ms - 20[0m
[0mPOST /api/v1/carts [31m500[0m 998.768 ms - 20[0m
[0mPOST /api/v1/carts [31m500[0m 596.415 ms - 20[0m
[0mPOST /api/v1/carts [32m201[0m 1502.750 ms - 340[0m
[0mPOST /api/v1/orders/checkout [32m201[0m 5748.348 ms - 206[0m
[0mPOST /api/v1/carts [32m201[0m 894.592 ms - 340[0m
[0mPOST /api/v1/orders/checkout [32m201[0m 8775.407 ms - 334[0m
[0mPOST /api/v1/carts [32m201[0m 1668.240 ms - 340[0m
[0mPOST /api/v1/carts [32m200[0m 795.875 ms - 377[0m
[0mGET /api/v1/carts [33m404[0m 2.773 ms - 151[0m
[0mGET /api/v1/carts [31m500[0m 383.859 ms - 0[0m
[0mGET /api/v1/carts [31m500[0m 329.921 ms - 0[0m
[0mGET /api/v1/carts [31m500[0m 2062.685 ms - 0[0m
[0mGET /api/v1/carts [31m500[0m 385.473 ms - 0[0m
[0mGET /api/v1/carts [32m200[0m 376.939 ms - 353[0m
[0mPOST /api/v1/carts [32m200[0m 948.591 ms - 377[0m
[0mGET /api/v1/carts [32m200[0m 324.840 ms - 353[0m
[0mPATCH /api/v1/carts/6349b230f7fc5e9917850387 [0m-[0m - ms - -[0m
[0mPATCH /api/v1/carts/6349b230f7fc5e9917850387 [32m200[0m 691.607 ms - 378[0m
[0mGET /api/v1/carts [32m200[0m 431.336 ms - 354[0m
[0mPATCH /api/v1/carts/6349b230f7fc5e9917850387 [32m200[0m 894.362 ms - 378[0m
[0mPATCH /api/v1/carts/6349b230f7fc5e9917850387 [32m200[0m 7193.472 ms - 378[0m
[0mPATCH /api/v1/carts/6349b230f7fc5e9917850387 [32m200[0m 946.141 ms - 378[0m
[0mPATCH /api/v1/carts/6349b230f7fc5e9917850387 [32m200[0m 920.241 ms - 378[0m
[0mPOST /api/v1/carts [32m201[0m 727.505 ms - 340[0m
[0mGET /api/v1/carts [32m200[0m 346.072 ms - 353[0m
[0mPATCH /api/v1/carts/634a7f06e4953616bac4f099 [33m404[0m 464.656 ms - 68[0m
[0mPATCH /api/v1/carts/634a7f06e4953616bac4f099 [33m404[0m 690.427 ms - 68[0m
[0mPATCH /api/v1/carts/634a7f06e4953616bac4f099 [33m404[0m 507.925 ms - 68[0m
[0mPATCH /api/v1/carts/634a7f06e4953616bac4f099 [33m404[0m 526.210 ms - 68[0m
[0mPATCH /api/v1/carts/634a7f06e4953616bac4f099 [31m500[0m 382.120 ms - 20[0m
[0mPATCH /api/v1/carts/634a7f06e4953616bac4f099 [33m404[0m 681.394 ms - 68[0m
[0mPATCH /api/v1/carts/634a7f06e4953616bac4f099 [33m404[0m 520.984 ms - 68[0m
[0mPATCH /api/v1/carts/634a7f06e4953616bac4f099 [31m500[0m 393.631 ms - 20[0m
[0mPATCH /api/v1/carts/634a7f06e4953616bac4f099 [33m404[0m 505.718 ms - 68[0m
[0mPATCH /api/v1/carts/634a7f06e4953616bac4f099 [32m200[0m 736.296 ms - 415[0m
[0mPATCH /api/v1/carts/634a7f06e4953616bac4f099 [32m200[0m 720.764 ms - 530[0m
[0mPATCH /api/v1/carts/634a7f06e4953616bac4f099 [32m200[0m 737.236 ms - 645[0m
[0mPATCH /api/v1/carts/634a7f06e4953616bac4f099 [32m200[0m 4523.107 ms - 760[0m
[0mPATCH /api/v1/carts/634a7f06e4953616bac4f099 [31m500[0m 778.815 ms - 875[0m
[0mPATCH /api/v1/carts/634a7f06e4953616bac4f099 [32m200[0m 723.797 ms - 990[0m
[0mGET /api/v1/carts [32m200[0m 324.565 ms - 53[0m
[0mPOST /api/v1/carts [32m201[0m 686.320 ms - 340[0m
[0mGET /api/v1/carts [32m200[0m 358.851 ms - 353[0m
[0mPATCH /api/v1/carts/634a7f06e4953616bac4f099 [32m200[0m 728.502 ms - 415[0m
[0mPATCH /api/v1/carts/634a7f06e4953616bac4f099 [32m200[0m 795.783 ms - 530[0m
[0mPATCH /api/v1/carts/634a7f06e4953616bac4f099 [32m200[0m 731.556 ms - 645[0m
[0mPATCH /api/v1/carts/634a7f06e4953616bac4f099 [32m200[0m 665.416 ms - 760[0m
[0mGET /api/v1/carts [32m200[0m 409.239 ms - 813[0m
[0mPATCH /api/v1/carts/634a7f06e4953616bac4f099 [32m200[0m 936.939 ms - 875[0m
[0mGET /api/v1/carts [32m200[0m 320.117 ms - 53[0m
[0mPOST /api/v1/carts [32m201[0m 654.493 ms - 340[0m
[0mGET /api/v1/carts [32m200[0m 478.822 ms - 353[0m
[0mPATCH /api/v1/carts/634a7f06e4953616bac4f099 [32m200[0m 688.902 ms - 415[0m
[0mPOST /api/v1/carts [32m201[0m 780.597 ms - 340[0m
[0mPATCH /api/v1/carts/634a7f06e4953616bac4f099 [32m200[0m 630.342 ms - 415[0m
[0mGET /api/v1/carts [32m200[0m 311.062 ms - 53[0m
[0mPOST /api/v1/carts [32m201[0m 681.194 ms - 340[0m
[0mGET /api/v1/carts [32m200[0m 383.728 ms - 353[0m
[0mPATCH /api/v1/carts/634a7f06e4953616bac4f099 [32m200[0m 2357.157 ms - 415[0m
[0mPATCH /api/v1/carts/634a7f06e4953616bac4f099 [32m200[0m 773.824 ms - 530[0m
[0mGET /api/v1/carts [32m200[0m 324.077 ms - 53[0m
[0mPOST /api/v1/carts [31m500[0m 621.840 ms - 20[0m
[0mPOST /api/v1/carts [33m404[0m 332.702 ms - 47[0m
[0mPOST /api/v1/carts [33m404[0m 459.594 ms - 47[0m
[0mPOST /api/v1/carts [31m500[0m 526.369 ms - 20[0m
[0mPOST /api/v1/carts [33m404[0m 718.749 ms - 47[0m
[0mPOST /api/v1/carts [33m404[0m 799.668 ms - 47[0m
[0mPOST /api/v1/carts [33m404[0m 406.765 ms - 47[0m
[0mGET /api/v1/products [32m200[0m 175.217 ms - 221[0m
[0mPOST /api/v1/carts [33m404[0m 340.359 ms - 47[0m
[0mPOST /api/v1/carts [31m500[0m 259.375 ms - 20[0m
[0mPOST /api/v1/carts [31m500[0m 767.181 ms - 20[0m
[0mPOST /api/v1/carts [33m404[0m 586.704 ms - 31[0m
[0mPOST /api/v1/carts [0m-[0m - ms - -[0m
[0mPOST /api/v1/carts [33m404[0m 634.325 ms - 31[0m
[0mPOST /api/v1/carts [33m404[0m 559.686 ms - 31[0m
[0mPOST /api/v1/carts [33m404[0m 607.900 ms - 31[0m
[0mPOST /api/v1/carts [33m404[0m 997.634 ms - 31[0m
[0mPOST /api/v1/carts [0m-[0m - ms - -[0m
[0mPOST /api/v1/carts [33m404[0m 635.567 ms - 31[0m
[0mGET /api/v1/carts [32m200[0m 417.792 ms - 53[0m
[0mPOST /api/v1/carts [0m-[0m - ms - -[0m
[0mPOST /api/v1/carts [31m500[0m 431.842 ms - 20[0m
[0mPOST /api/v1/carts [33m404[0m 1383.424 ms - 31[0m
[0mPOST /api/v1/carts [33m404[0m 593.337 ms - 31[0m
[0mPOST /api/v1/carts [33m404[0m 737.686 ms - 31[0m
[0mPOST /api/v1/carts [33m404[0m 602.991 ms - 31[0m
[0mGET /api/v1/products/6347ef19dfe52c39eb69e5ca [32m200[0m 165.104 ms - 211[0m
[0mPOST /api/v1/carts [33m404[0m 490.179 ms - 31[0m
[0mPOST /api/v1/carts [0m-[0m - ms - -[0m
[0mPOST /api/v1/carts [32m201[0m 1230.358 ms - 339[0m
[0mPOST /api/v1/carts [32m200[0m 896.017 ms - 414[0m
[0mGET /api/v1/carts [32m200[0m 374.571 ms - 53[0m
[0mPOST /api/v1/carts [32m201[0m 781.495 ms - 339[0m
[0mPOST /api/v1/carts [33m400[0m 374.654 ms - 33[0m
[0mGET /api/v1/products [32m200[0m 157.098 ms - 221[0m
[0mPOST /api/v1/carts [33m400[0m 355.091 ms - 33[0m
[0mGET /api/v1/products/6347ef19dfe52c39eb69e5ca [32m200[0m 166.644 ms - 211[0m
[0mPOST /api/v1/carts [33m400[0m 413.271 ms - 33[0m
[0mPOST /api/v1/carts [31m500[0m 614.347 ms - 2[0m
[0mPOST /api/v1/carts [31m500[0m 646.281 ms - 2[0m
[0mPOST /api/v1/carts [31m500[0m 550.250 ms - 2[0m
[0mPOST /api/v1/carts [31m500[0m 778.266 ms - 343[0m
[0mPOST /api/v1/carts [32m200[0m 904.890 ms - 276[0m
[0mGET /api/v1/carts [0m-[0m - ms - -[0m
[0mGET /api/v1/carts?name=milo [32m200[0m 355.616 ms - 42[0m
[0mGET /api/v1/carts [32m200[0m 319.788 ms - 1520[0m
[0mPOST /api/v1/carts [32m200[0m 850.407 ms - 276[0m
[0mGET /api/v1/carts [32m200[0m 293.917 ms - 273[0m
[0mPATCH /api/v1/carts/634a7f06e4953616bac4f099 [0m-[0m - ms - -[0m
[0mPATCH /api/v1/carts/634acb91393d0ba705d826b4 [32m200[0m 1288.793 ms - 283[0m
[0mGET /api/v1/products/6347ef19dfe52c39eb69e5ca [32m200[0m 187.734 ms - 211[0m
[0mGET /api/v1/carts?id=634acb91393d0ba705d826b4 [33m403[0m 0.464 ms - 27[0m
[0mGET /api/v1/carts?id=634acb91393d0ba705d826b4 [32m200[0m 306.841 ms - 273[0m
[0mPOST /api/v1/orders/checkout [33m400[0m 368.581 ms - 2[0m
[0mPOST /api/v1/orders/checkout [33m400[0m 395.640 ms - 2[0m
[0mPOST /api/v1/orders/checkout [33m400[0m 5029.307 ms - 2[0m
[0mPOST /api/v1/orders/checkout [33m400[0m 375.981 ms - 14[0m
[0mPOST /api/v1/orders/checkout [33m400[0m 347.743 ms - 2[0m
[0mPOST /api/v1/orders/checkout [33m400[0m 552.178 ms - 14[0m
[0mPOST /api/v1/orders/checkout [33m400[0m 360.343 ms - 14[0m
[0mGET /api/v1/carts?id=634acb91393d0ba705d826b4 [32m200[0m 368.560 ms - 42[0m
[0mGET /api/v1/carts?id=634acb91393d0ba705d826b4 [32m200[0m 338.918 ms - 42[0m
[0mPOST /api/v1/carts [31m500[0m 750.524 ms - 445[0m
[0mPOST /api/v1/carts [31m500[0m 644.459 ms - 445[0m
[0mPOST /api/v1/carts [31m500[0m 854.324 ms - 445[0m
[0mPOST /api/v1/carts [32m200[0m 873.156 ms - 276[0m
[0mPOST /api/v1/orders/checkout [33m400[0m 365.039 ms - 2[0m
[0mPOST /api/v1/carts [32m200[0m 908.082 ms - 276[0m
[0mPOST /api/v1/orders/checkout [33m400[0m 1208.178 ms - 2[0m
[0mPOST /api/v1/orders/checkout [33m400[0m 384.634 ms - 14[0m
[0mPOST /api/v1/carts [32m200[0m 950.545 ms - 276[0m
[0mPOST /api/v1/orders/checkout [33m400[0m 1607.894 ms - 2[0m
[0mPOST /api/v1/carts [31m500[0m 672.272 ms - 445[0m
[0mPOST /api/v1/carts [31m500[0m 811.047 ms - 445[0m
[0mPOST /api/v1/carts [31m500[0m 789.218 ms - 445[0m
[0mPOST /api/v1/carts [31m500[0m 1032.918 ms - 445[0m
[0mPOST /api/v1/carts [32m200[0m 785.099 ms - 276[0m
[0mPOST /api/v1/orders/checkout [33m400[0m 1211.206 ms - 2[0m
[0mPOST /api/v1/carts [32m200[0m 841.575 ms - 276[0m
[0mPOST /api/v1/orders/checkout [32m201[0m 4925.445 ms - 180[0m
[0mPOST /api/v1/carts [32m200[0m 4810.490 ms - 276[0m
[0mPOST /api/v1/orders/checkout [33m400[0m 313.297 ms - 2[0m
[0mPOST /api/v1/carts [32m200[0m 994.401 ms - 276[0m
[0mPOST /api/v1/orders/checkout [32m201[0m 4891.336 ms - 180[0m
[0mPOST /api/v1/carts [31m500[0m 707.129 ms - 445[0m
[0mPOST /api/v1/carts [32m200[0m 883.954 ms - 276[0m
[0mPOST /api/v1/orders/checkout [32m201[0m 5609.594 ms - 144[0m
[0mPOST /api/v1/carts [31m500[0m 709.319 ms - 343[0m
[0mPOST /api/v1/carts [32m200[0m 941.571 ms - 276[0m
[0mPOST /api/v1/orders/checkout [32m201[0m 4690.331 ms - 180[0m
[0mPOST /api/v1/carts [31m500[0m 732.832 ms - 445[0m
[0mPOST /api/v1/carts [32m200[0m 1186.496 ms - 276[0m
[0mPOST /api/v1/orders/checkout [32m201[0m 5267.051 ms - 182[0m
[0mPOST /api/v1/carts [32m200[0m 912.643 ms - 276[0m
[0mPOST /api/v1/carts [31m500[0m 723.047 ms - 1249[0m
[0mPOST /api/v1/carts [32m200[0m 978.279 ms - 276[0m
[0mPOST /api/v1/carts [32m200[0m 852.418 ms - 276[0m
[0mPOST /api/v1/carts [31m500[0m 638.974 ms - 1249[0m
[0mPOST /api/v1/carts [32m200[0m 888.965 ms - 276[0m
[0mPOST /api/v1/carts [32m200[0m 940.811 ms - 361[0m
[0mPOST /api/v1/orders/checkout [32m201[0m 4872.384 ms - 182[0m
[0mPOST /api/v1/carts [32m200[0m 1063.726 ms - 361[0m
[0mPOST /api/v1/orders/checkout [32m201[0m 5389.416 ms - 182[0m
[0mPOST /api/v1/carts [31m500[0m 870.304 ms - 1284[0m
[0mPOST /api/v1/carts [32m200[0m 1056.534 ms - 361[0m
[0mPOST /api/v1/orders/checkout [32m201[0m 7021.186 ms - 182[0m
[0mPOST /api/v1/carts [32m200[0m 951.376 ms - 333[0m
[0mPOST /api/v1/carts [32m200[0m 892.302 ms - 298[0m
[0mPOST /api/v1/orders/checkout [32m201[0m 5706.009 ms - 433[0m
[0mPOST /api/v1/carts [32m200[0m 838.237 ms - 298[0m
[0mPOST /api/v1/orders/checkout [32m201[0m 5827.838 ms - 220[0m
[0mGET /api/v1/carts [32m200[0m 350.736 ms - 273[0m
[0mGET /api/v1/carts [32m200[0m 1143.626 ms - 273[0m
[0mGET /api/v1/users [32m200[0m 336.606 ms - 258[0m
[0mPOST /api/v1/auths/signup [32m201[0m 711.646 ms - 481[0m
[0mPOST /api/v1/orders/checkout [33m400[0m 781.482 ms - 14[0m
[0mGET /api/v1/carts [32m200[0m 617.627 ms - 273[0m
[0mGET /api/v1/carts?id=634acb91393d0ba705d826b4 [32m200[0m 410.597 ms - 273[0m
[0mGET /api/v1/users [32m200[0m 918.691 ms - 366[0m
[0mPOST /api/v1/products [33m401[0m 174.969 ms - 47[0m
[0mGET /api/v1/users [32m200[0m 374.778 ms - 366[0m
[0mGET /api/v1/users [33m401[0m 207.298 ms - 47[0m
[0mPOST /api/v1/products [33m401[0m 298.764 ms - 47[0m
[0mPOST /api/v1/auths/signin [32m200[0m 333.017 ms - 402[0m
[0mPOST /api/v1/products [32m200[0m 378.981 ms - 250[0m
[0mPOST /api/v1/carts [32m200[0m 1050.496 ms - 296[0m
[0mGET /api/v1/carts [32m200[0m 1880.204 ms - 271[0m
[0mPOST /api/v1/carts [32m200[0m 929.294 ms - 298[0m
[0mGET /api/v1/carts [32m200[0m 424.343 ms - 503[0m
[0mPOST /api/v1/orders/checkout [32m201[0m 6324.208 ms - 209[0m
[0mPOST /api/v1/carts [32m200[0m 963.087 ms - 298[0m
[0mPOST /api/v1/carts [32m200[0m 1534.344 ms - 298[0m
[0mPOST /api/v1/carts [32m200[0m 1258.798 ms - 312[0m
[0mPOST /api/v1/orders/checkout [32m201[0m 5353.649 ms - 182[0m
[0mPOST /api/v1/carts [32m200[0m 1007.500 ms - 312[0m
[0mPOST /api/v1/orders/checkout [33m400[0m 403.434 ms - 14[0m
[0mPOST /api/v1/orders/checkout [33m400[0m 305.815 ms - 14[0m
[0mPOST /api/v1/orders/checkout [33m400[0m 7613.535 ms - 2[0m
[0mPOST /api/v1/orders/checkout [33m400[0m 22901.291 ms - 92[0m
[0mPOST /api/v1/orders/checkout [33m400[0m 6266.429 ms - 2[0m
[0mPOST /api/v1/orders/checkout [33m400[0m 1812.188 ms - 2[0m
[0mPOST /api/v1/carts [32m200[0m 518.278 ms - 312[0m
[0mPOST /api/v1/orders/checkout [33m400[0m 21533.866 ms - 92[0m
[0mPOST /api/v1/carts [32m200[0m 590.047 ms - 312[0m
[0mPOST /api/v1/orders/checkout [32m201[0m 6146.058 ms - 53[0m
[0mPOST /api/v1/carts [32m200[0m 1451.289 ms - 312[0m
[0mPOST /api/v1/orders/checkout [33m400[0m 21729.868 ms - 92[0m
[0mPOST /api/v1/orders/checkout [32m201[0m 5957.681 ms - 182[0m
[0mPOST /api/v1/carts [32m200[0m 2086.246 ms - 312[0m
[0mPOST /api/v1/orders/checkout [32m201[0m 5713.343 ms - 182[0m
[0mPOST /api/v1/carts [32m200[0m 1145.101 ms - 312[0m
[0mPOST /api/v1/orders/checkout [33m400[0m 23421.665 ms - 92[0m
[0mPOST /api/v1/orders/checkout [32m201[0m 8928.328 ms - 223[0m
[0mGET /api/v1/products [32m200[0m 368.475 ms - 392[0m
[0mPOST /api/v1/carts [32m200[0m 858.968 ms - 310[0m
[0mGET /api/v1/carts [32m200[0m 315.130 ms - 531[0m
[0mPOST /api/v1/orders/checkout [32m201[0m 5346.737 ms - 250[0m
[0mPOST /api/v1/carts [32m200[0m 1031.667 ms - 312[0m
[0mPOST /api/v1/carts [31m500[0m 911.947 ms - 1249[0m
[0mPOST /api/v1/carts [32m200[0m 890.738 ms - 310[0m
[0mPOST /api/v1/carts [32m200[0m 749.246 ms - 312[0m
[0mGET /api/v1/carts [32m200[0m 311.133 ms - 531[0m
[0mPOST /api/v1/orders/checkout [32m201[0m 5547.569 ms - 209[0m
[0mPOST /api/v1/carts [31m500[0m 750.374 ms - 721[0m
[0mPOST /api/v1/carts [32m200[0m 890.851 ms - 310[0m
[0mPOST /api/v1/carts [32m200[0m 809.943 ms - 312[0m
[0mPOST /api/v1/carts [31m500[0m 708.652 ms - 1249[0m
[0mPOST /api/v1/carts [31m500[0m 779.795 ms - 1249[0m
[0mPOST /api/v1/carts [32m200[0m 919.382 ms - 312[0m
[0mPOST /api/v1/carts [32m200[0m 986.677 ms - 312[0m
[0mPOST /api/v1/carts [32m200[0m 871.600 ms - 310[0m
[0mPOST /api/v1/carts [32m200[0m 492.791 ms - 65[0m
[0mPOST /api/v1/carts [32m200[0m 485.616 ms - 65[0m
[0mPOST /api/v1/carts [31m500[0m 1196.470 ms - 2[0m
[0mPOST /api/v1/carts [32m200[0m 662.782 ms - 69[0m
[0mPOST /api/v1/carts [32m200[0m 1084.032 ms - 310[0m
[0mPOST /api/v1/carts [32m200[0m 466.466 ms - 69[0m
[0mPOST /api/v1/carts [32m200[0m 1022.682 ms - 310[0m
[0mPOST /api/v1/carts [32m200[0m 785.667 ms - 310[0m
[0mPOST /api/v1/carts [31m500[0m 677.979 ms - 1249[0m
[0mPOST /api/v1/carts [31m500[0m 763.563 ms - 1249[0m
[0mPOST /api/v1/carts [31m500[0m 874.158 ms - 1249[0m
[0mPOST /api/v1/carts [32m200[0m 884.476 ms - 310[0m
[0mPOST /api/v1/carts [31m500[0m 804.808 ms - 931[0m
[0mPOST /api/v1/carts [32m200[0m 1053.031 ms - 310[0m
[0mPOST /api/v1/carts [32m200[0m 899.258 ms - 312[0m
[0mPOST /api/v1/carts [32m200[0m 849.756 ms - 312[0m
[0mPOST /api/v1/carts [32m200[0m 893.989 ms - 310[0m
[0mPOST /api/v1/carts [31m500[0m 670.751 ms - 1249[0m
[0mPOST /api/v1/carts [32m200[0m 1395.725 ms - 312[0m
[0mPOST /api/v1/carts [32m200[0m 1767.500 ms - 312[0m
[0mPOST /api/v1/carts [32m200[0m 2181.247 ms - 312[0m
[0mGET /api/v1/carts [32m200[0m 1578.432 ms - 1515[0m
[0mPOST /api/v1/carts [32m200[0m 880.455 ms - 312[0m
[0mPOST /api/v1/carts [32m200[0m 802.386 ms - 312[0m
[0mPOST /api/v1/carts [32m200[0m 830.279 ms - 312[0m
[0mGET /api/v1/carts [32m200[0m 302.755 ms - 779[0m
[0mPOST /api/v1/orders/checkout [32m201[0m 5535.677 ms - 459[0m
[0mGET /api/v1/orders [33m403[0m 1.335 ms - 27[0m
[0mGET /api/v1/orders [31m500[0m 457.136 ms - 2[0m
[0mGET /api/v1/orders [31m500[0m 571.720 ms - 2[0m
[0mGET /api/v1/orders [31m500[0m 475.447 ms - 2[0m
[0mGET /api/v1/orders [31m500[0m 551.803 ms - 2[0m
[0mGET /api/v1/orders [32m200[0m 545.623 ms - 466[0m
[0mGET /api/v1/orders [32m200[0m 757.879 ms - 508[0m
[0mPOST /api/v1/carts [32m200[0m 884.168 ms - 312[0m
[0mPOST /api/v1/carts [32m200[0m 1151.094 ms - 312[0m
[0mPOST /api/v1/carts [32m200[0m 1126.980 ms - 312[0m
[0mGET /api/v1/carts [32m200[0m 329.835 ms - 779[0m
[0mPOST /api/v1/orders/checkout [32m201[0m 5527.136 ms - 501[0m
[0mGET /api/v1/orders [32m200[0m 577.527 ms - 508[0m
[0mGET /api/v1/orders [32m200[0m 450.582 ms - 508[0m
[0mGET /api/v1/carts [32m200[0m 295.131 ms - 779[0m
[0mPOST /api/v1/carts [32m200[0m 997.088 ms - 312[0m
[0mPOST /api/v1/carts [32m200[0m 1319.280 ms - 312[0m
[0mPOST /api/v1/carts [32m200[0m 1203.156 ms - 312[0m
[0mGET /api/v1/carts [32m200[0m 435.079 ms - 779[0m
[0mPOST /api/v1/orders/checkout [32m201[0m 5052.482 ms - 501[0m
[0mGET /api/v1/orders [32m200[0m 517.396 ms - 508[0m
[0mGET /api/v1/carts [32m200[0m 320.061 ms - 779[0m
[0mGET /api/v1/orders [32m200[0m 515.167 ms - 508[0m
[0mPOST /api/v1/orders/checkout [32m201[0m 5793.602 ms - 501[0m
[0mPOST /api/v1/orders/checkout [33m400[0m 5028.659 ms - 2[0m
[0mPOST /api/v1/orders/checkout [33m400[0m 5715.846 ms - 2[0m
[0mPOST /api/v1/orders/checkout [33m400[0m 5442.415 ms - 252[0m
[0mPOST /api/v1/orders/checkout [33m400[0m 1381.846 ms - 2[0m
[0mPOST /api/v1/orders/checkout [33m400[0m 5535.413 ms - 1768[0m
[0mPOST /api/v1/orders/checkout [33m400[0m 1405.959 ms - 2[0m
[0mPOST /api/v1/orders/checkout [33m400[0m 5113.010 ms - 252[0m
[0mPOST /api/v1/orders/checkout [33m400[0m 1263.464 ms - 2[0m
[0mPOST /api/v1/orders/checkout [33m400[0m 5310.648 ms - 2[0m
[0mPOST /api/v1/orders/checkout [33m400[0m 1469.506 ms - 2[0m
[0mPOST /api/v1/orders/checkout [33m400[0m 5592.789 ms - 2[0m
[0mPOST /api/v1/orders/checkout [32m201[0m 5452.673 ms - 501[0m
[0mPOST /api/v1/orders/checkout [33m400[0m 1336.831 ms - 2[0m
[0mGET /api/v1/carts [32m200[0m 318.377 ms - 779[0m
[0mGET /api/v1/orders [32m200[0m 478.401 ms - 508[0m
[0mGET /api/v1/carts [32m200[0m 309.891 ms - 42[0m
[0mGET /api/v1/orders [32m200[0m 407.159 ms - 54[0m
[0mGET /api/v1/orders [32m200[0m 367.181 ms - 54[0m
[0mPOST /api/v1/orders/checkout [33m400[0m 397.344 ms - 14[0m
[0mPOST /api/v1/carts [32m200[0m 952.973 ms - 312[0m
[0mPOST /api/v1/carts [32m200[0m 1127.823 ms - 312[0m
[0mPOST /api/v1/carts [32m200[0m 1108.502 ms - 312[0m
[0mPOST /api/v1/orders/checkout [32m201[0m 5780.771 ms - 501[0m
[0mGET /api/v1/carts [32m200[0m 316.216 ms - 779[0m
[0mPOST /api/v1/orders/checkout [33m400[0m 6076.686 ms - 272[0m
[0mPOST /api/v1/orders/checkout [32m201[0m 5884.068 ms - 501[0m
[0mPOST /api/v1/orders/checkout [32m201[0m 5447.203 ms - 501[0m
[0mPOST /api/v1/orders/checkout [33m400[0m 1632.324 ms - 2[0m
[0mPOST /api/v1/orders/checkout [32m201[0m 10433.846 ms - 501[0m
[0mPOST /api/v1/orders/checkout [33m400[0m 607.495 ms - 359[0m
[0mPOST /api/v1/orders/checkout [32m201[0m 5786.238 ms - 501[0m
[0mPOST /api/v1/orders/checkout [33m400[0m 1779.320 ms - 2[0m
[0mPOST /api/v1/orders/checkout [32m201[0m 5756.580 ms - 501[0m
[0mPOST /api/v1/orders/checkout [32m201[0m 5864.829 ms - 501[0m
[0mPOST /api/v1/orders/checkout [33m400[0m 5943.103 ms - 1768[0m
[0mPOST /api/v1/orders/checkout [33m400[0m 6732.831 ms - 645[0m
[0mPOST /api/v1/orders/checkout [33m400[0m 6054.486 ms - 2[0m
[0mPOST /api/v1/orders/checkout [32m201[0m 6045.763 ms - 501[0m
[0mPOST /api/v1/orders/checkout [33m400[0m 667.174 ms - 359[0m
[0mPOST /api/v1/orders/checkout [33m400[0m 731.112 ms - 2[0m
[0mPOST /api/v1/orders/checkout [33m400[0m 5731.313 ms - 1768[0m
[0mPOST /api/v1/orders/checkout [33m400[0m 1592.117 ms - 2[0m
[0mPOST /api/v1/orders/checkout [33m400[0m 6241.330 ms - 2[0m
[0mPOST /api/v1/orders/checkout [33m400[0m 1623.563 ms - 2[0m
[0mPOST /api/v1/orders/checkout [33m400[0m 5757.911 ms - 272[0m
[0mPOST /api/v1/orders/checkout [33m400[0m 5224.855 ms - 660[0m
[0mPOST /api/v1/orders/checkout [33m400[0m 1427.785 ms - 2[0m
[0mPOST /api/v1/orders/checkout [33m400[0m 5521.841 ms - 272[0m
[0mPOST /api/v1/orders/checkout [33m400[0m 5045.209 ms - 2[0m
[0mPOST /api/v1/orders/checkout [32m201[0m 4973.314 ms - 501[0m
[0mPOST /api/v1/orders/checkout [32m201[0m 5188.348 ms - 501[0m
[0mPOST /api/v1/orders/checkout [33m400[0m 5866.057 ms - 2[0m
[0mPOST /api/v1/orders/checkout [33m400[0m 1912.603 ms - 2[0m
[0mPOST /api/v1/orders/checkout [32m201[0m 6762.253 ms - 543[0m
[0mPOST /api/v1/orders/checkout [32m201[0m 5228.931 ms - 543[0m
[0mPOST /api/v1/orders/checkout [32m201[0m 11698.641 ms - 543[0m
[0mPOST /api/v1/orders/checkout [32m201[0m 5759.866 ms - 1386[0m
[0mPOST /api/v1/orders/checkout [32m201[0m 6001.182 ms - 1095[0m
[0mPOST /api/v1/orders/checkout [32m201[0m 5443.322 ms - 1095[0m
[0mPOST /api/v1/orders/checkout [33m400[0m 1329.005 ms - 2[0m
[0mPOST /api/v1/orders/checkout [33m400[0m 6193.690 ms - 359[0m
[0mPOST /api/v1/orders/checkout [33m400[0m 1632.904 ms - 2[0m
[0mPOST /api/v1/orders/checkout [32m201[0m 6751.707 ms - 1095[0m
[0mPOST /api/v1/orders/checkout [33m400[0m 1434.424 ms - 2[0m
[0mPOST /api/v1/orders/checkout [33m400[0m 4388.957 ms - 2[0m
[0mPOST /api/v1/orders/checkout [32m201[0m 5648.310 ms - 1092[0m
[0mPOST /api/v1/orders/checkout [33m400[0m 7611.649 ms - 2[0m
[0mPOST /api/v1/orders/checkout [33m400[0m 8282.244 ms - 2[0m
[0mPOST /api/v1/orders/checkout [33m400[0m 8479.546 ms - 2[0m
[0mPOST /api/v1/orders/checkout [32m201[0m 12688.165 ms - 1095[0m
[0mPOST /api/v1/orders/checkout [32m201[0m 13926.450 ms - 1095[0m
[0mPOST /api/v1/orders/checkout [32m201[0m 6712.176 ms - 1095[0m
[0mPOST /api/v1/orders/checkout [32m201[0m 7288.154 ms - 1095[0m
[0mPOST /api/v1/orders/checkout [32m201[0m 7956.641 ms - 1095[0m
[0mPOST /api/v1/orders/checkout [32m201[0m 9418.313 ms - 1095[0m
[0mPOST /api/v1/orders/checkout [33m400[0m 12501.125 ms - 91[0m
[0mPOST /api/v1/orders/checkout [33m400[0m 25807.749 ms - 92[0m
[0mGET /api/v1/products [32m200[0m 635.741 ms - 392[0m
[0mPOST /api/v1/carts [32m200[0m 1562.756 ms - 312[0m
[0mGET /api/v1/orders [32m200[0m 25628.835 ms - 278[0m
[0mPOST /api/v1/orders/checkout [33m400[0m 22331.818 ms - 92[0m
[0mGET /api/v1/carts [32m200[0m 2035.958 ms - 287[0m
[0mGET /api/v1/carts [32m200[0m 348.891 ms - 42[0m
[0mPOST /api/v1/orders/checkout [33m400[0m 337.596 ms - 14[0m
[0mPOST /api/v1/carts [32m200[0m 835.554 ms - 312[0m
[0mPOST /api/v1/orders/checkout [32m201[0m 5783.068 ms - 632[0m
[0mPOST /api/v1/carts [32m200[0m 924.364 ms - 312[0m
[0mPOST /api/v1/orders/checkout [33m400[0m 1852.989 ms - 2[0m
[0mPOST /api/v1/carts [32m200[0m 1035.790 ms - 312[0m
[0mGET /api/v1/carts [32m200[0m 311.097 ms - 287[0m
[0mPOST /api/v1/orders/checkout [32m201[0m 5331.770 ms - 632[0m
[0mPOST /api/v1/carts [32m200[0m 983.926 ms - 312[0m
[0mPOST /api/v1/orders/checkout [32m201[0m 5644.874 ms - 664[0m
[0mPOST /api/v1/carts [32m200[0m 781.971 ms - 312[0m
[0mPOST /api/v1/orders/checkout [32m201[0m 5128.236 ms - 664[0m
[0mPOST /api/v1/carts [32m200[0m 993.356 ms - 312[0m
[0mPOST /api/v1/orders/checkout [32m201[0m 5446.156 ms - 736[0m
[0mGET /api/v1/orders [32m200[0m 459.297 ms - 196[0m
[0mGET /api/v1/orders [32m200[0m 326.682 ms - 54[0m
[0mGET /api/v1/orders [32m200[0m 306.606 ms - 54[0m
[0mPOST /api/v1/carts [32m200[0m 767.912 ms - 312[0m
[0mPOST /api/v1/carts [32m200[0m 1369.774 ms - 312[0m
[0mDELETE /api/v1/carts?id=634e6ea6a05abefaf780f691 [33m404[0m 2.341 ms - 154[0m
[0mDELETE /api/v1/carts/634e6ea6a05abefaf780f691 [0m-[0m - ms - -[0m
[0mDELETE /api/v1/carts/634e6ea6a05abefaf780f691 [0m-[0m - ms - -[0m
[0mGET /api/v1/carts [32m200[0m 304.412 ms - 533[0m
[0mDELETE /api/v1/carts/634e6ea6a05abefaf780f691 [33m404[0m 388.778 ms - 2[0m
[0mDELETE /api/v1/carts/634e6ea6a05abefaf780f691 [33m400[0m 385.648 ms - 49[0m
[0mGET /api/v1/carts [32m200[0m 325.097 ms - 533[0m
[0mDELETE /api/v1/carts/634e7605992b22210d522760 [32m204[0m 1149.440 ms - -[0m
[0mPOST /api/v1/carts [32m200[0m 1674.029 ms - 312[0m
[0mDELETE /api/v1/carts/634e7605992b22210d522760 [33m400[0m 313.754 ms - 49[0m
[0mGET /api/v1/carts [32m200[0m 323.978 ms - 533[0m
[0mDELETE /api/v1/carts/634e78ea97331da8e8374764 [32m204[0m 1117.985 ms - -[0m
[0mPOST /api/v1/carts [32m200[0m 1336.835 ms - 312[0m
[0mGET /api/v1/carts [32m200[0m 327.677 ms - 533[0m
[0mDELETE /api/v1/carts/634e79a1397de3d32795bb6a [32m204[0m 2732.526 ms - -[0m
[0mPOST /api/v1/carts [32m200[0m 1275.071 ms - 312[0m
[0mDELETE /api/v1/carts/634e79a1397de3d32795bb6a [33m400[0m 311.558 ms - 49[0m
[0mGET /api/v1/carts [32m200[0m 316.038 ms - 533[0m
[0mDELETE /api/v1/carts/634e7a04d322feb938f28d30 [32m204[0m 1498.592 ms - -[0m
[0mGET /api/v1/carts [32m200[0m 368.413 ms - 287[0m
[0mDELETE /api/v1/carts/634e75ee992b22210d522758 [32m204[0m 1464.053 ms - -[0m
[0mPOST /api/v1/carts [32m200[0m 1302.984 ms - 312[0m
[0mPOST /api/v1/carts [32m200[0m 1137.660 ms - 312[0m
[0mGET /api/v1/carts [32m200[0m 325.662 ms - 533[0m
[0mDELETE /api/v1/carts/634e7ac831a12057654aa365 [33m400[0m 1532.676 ms - 49[0m
[0mGET /api/v1/carts [32m200[0m 341.755 ms - 287[0m
[0mDELETE /api/v1/carts/634e7ac031a12057654aa35a [32m200[0m 1165.982 ms - 58[0m
[0mPOST /api/v1/products [33m400[0m 297.594 ms - 266[0m
[0mPOST /api/v1/products [33m400[0m 176.073 ms - 266[0m
[0mPOST /api/v1/products [33m400[0m 157.465 ms - 266[0m
[0mPOST /api/v1/products [33m400[0m 139.830 ms - 266[0m
[0mPOST /api/v1/products [33m400[0m 154.760 ms - 266[0m
[0mPOST /api/v1/products [33m400[0m 143.983 ms - 266[0m
[0mPOST /api/v1/products [32m200[0m 312.706 ms - 250[0m
[0mPOST /api/v1/products [33m400[0m 173.002 ms - 266[0m
[0mPOST /api/v1/auths/signup [33m404[0m 219.493 ms - 163[0m
[0mPOST /api/v1/auths/signup [32m201[0m 521.794 ms - 526[0m
[0mPOST /api/v1/auths/forgotPass [32m200[0m 170.555 ms - 48[0m
[0mPOST /api/v1/auths/forgotPass [33m400[0m 676.947 ms - 14[0m
[0mPOST /api/v1/auths/forgotPass [33m400[0m 717.583 ms - 14[0m
[0mPOST /api/v1/auths/forgotPass [32m200[0m 668.382 ms - 2[0m
[0mPOST /api/v1/auths/forgotPass [32m200[0m 199.229 ms - 48[0m
[0mPOST /api/v1/auths/forgotPass [32m200[0m 144.199 ms - 48[0m
[0mPOST /api/v1/auths/forgotPass [33m400[0m 37.213 ms - 14[0m
[0mPOST /api/v1/auths/forgotPass [32m200[0m 160.122 ms - 48[0m
[0mPOST /api/v1/auths/forgotPass [33m400[0m 14.293 ms - 14[0m
[0mPOST /api/v1/auths/forgotPass [33m400[0m 16.209 ms - 14[0m
[0mPOST /api/v1/auths/forgotPass [32m200[0m 177.116 ms - 48[0m
[0mPOST /api/v1/auths/forgotPass [32m200[0m 179.854 ms - 48[0m
[0mPOST /api/v1/auths/forgotPass [33m400[0m 13.111 ms - 14[0m
[0mPOST /api/v1/auths/forgotPass [33m400[0m 12.189 ms - 14[0m
[0mPOST /api/v1/auths/forgotPass [33m400[0m 9.954 ms - 14[0m
[0mPOST /api/v1/auths/forgotPass [33m400[0m 9.817 ms - 14[0m
[0mPOST /api/v1/auths/forgotPass [33m400[0m 11.745 ms - 14[0m
[0mPOST /api/v1/auths/forgotPass [33m400[0m 12.143 ms - 14[0m
[0mPOST /api/v1/auths/forgotPass [33m400[0m 8.224 ms - 14[0m
[0mPOST /api/v1/auths/forgotPass [33m400[0m 10.770 ms - 14[0m
[0mPOST /api/v1/auths/forgotPass [32m200[0m 169.601 ms - 48[0m
[0mPOST /api/v1/auths/forgotPass [33m400[0m 11.182 ms - 14[0m
[0mPOST /api/v1/auths/forgotPass [33m400[0m 11.230 ms - 14[0m
[0mGET /api/v1/users/634fcab7b34d96da8169bcac [32m200[0m 360.727 ms - 170[0m
[0mPUT /api/v1/auths/forgotPass [33m404[0m 2.980 ms - 162[0m
[0mPOST /api/v1/auths/forgotPass [32m200[0m 149.757 ms - 48[0m
[0mPATCH /api/v1/auths/forgotPass [33m400[0m 12.338 ms - 14[0m
[0mPATCH /api/v1/auths/forgotPass [32m200[0m 179.610 ms - 48[0m
[0mPATCH /api/v1/auths/forgotPass [32m200[0m 171.026 ms - 48[0m
[0mPATCH /api/v1/auths/forgotPass [33m400[0m 176.615 ms - 14[0m
[0mPOST /api/v1/auths/forgotPass [33m400[0m 694.860 ms - 14[0m
[0mPOST /api/v1/auths/forgotPass [33m400[0m 12.036 ms - 14[0m
[0mPOST /api/v1/auths/forgotPass [33m400[0m 679.622 ms - 14[0m
[0mPOST /api/v1/auths/forgotPass [33m400[0m 734.673 ms - 14[0m
[0mPOST /api/v1/auths/forgotPass [32m200[0m 650.390 ms - 2[0m
[0mPOST /api/v1/auths/forgotPass [32m200[0m 823.839 ms - 404[0m
[0mPOST /api/v1/auths/forgotPass [33m404[0m 2.899 ms - 163[0m
[0mPOST /api/v1/auths/reset-password [32m200[0m 733.864 ms - 404[0m
[0mPOST /api/v1/auths/reset-password [32m200[0m 656.680 ms - 414[0m
[0mPATCH /api/v1/auths/reset-password [33m400[0m 2.475 ms - 14[0m
[0mPATCH /api/v1/auths/reset-password [33m400[0m 445.177 ms - 14[0m
[0mPATCH /api/v1/auths/reset-password [32m200[0m 538.212 ms - 58[0m
[0mPOST /api/v1/auths/signup [32m201[0m 508.163 ms - 526[0m
[0mPOST /api/v1/auths/reset-password [33m404[0m 3.147 ms - 167[0m
[0mPOST /api/v1/auths/forgot-password [32m200[0m 719.070 ms - 414[0m
[0mPATCH /api/v1/auths/reset-password/61a663610f71d89f5186b08708cc1a2349fced2f0c810f023b82d700f1f83515 [32m200[0m 9.988 ms - -[0m
[0mPOST /api/v1/auths/signin [32m200[0m 342.037 ms - 445[0m
[0mPOST /api/v1/auths/signin [33m401[0m 293.548 ms - 55[0m
[0mPATCH /api/v1/auths/reset-password/61a663610f71d89f5186b08708cc1a2349fced2f0c810f023b82d700f1f83515 [32m200[0m 6.943 ms - -[0m
[0mPATCH /api/v1/auths/reset-password [32m200[0m 187.958 ms - 53[0m
[0mPOST /api/v1/auths/forgot-password [32m200[0m 744.301 ms - 414[0m
[0mPATCH /api/v1/auths/reset-password [32m200[0m 161.075 ms - 53[0m
[0mPATCH /api/v1/auths/reset-password [32m200[0m 22.137 ms - -[0m
[0mPATCH /api/v1/auths/reset-password [32m200[0m 583.137 ms - 58[0m
[0mPOST /api/v1/auths/signin [33m401[0m 848.346 ms - 55[0m
[0mPOST /api/v1/auths/signin [32m200[0m 405.523 ms - 445[0m
[0mPOST /api/v1/auths/forgot-password [32m200[0m 766.686 ms - 349[0m
[0mPATCH /api/v1/auths/reset-password [33m400[0m 588.562 ms - 14[0m
[0mPATCH /api/v1/auths/reset-password [33m400[0m 700.132 ms - 14[0m
[0mPATCH /api/v1/auths/reset-password [32m200[0m 840.817 ms - 58[0m
[0mPATCH /api/v1/auths/reset-password [33m400[0m 464.727 ms - 95[0m
[0mPOST /api/v1/auths/forgot-password [32m200[0m 785.135 ms - 349[0m
[0mPATCH /api/v1/auths/reset-password [33m400[0m 627.498 ms - 95[0m
[0mPATCH /api/v1/auths/reset-password [33m400[0m 508.000 ms - 95[0m
[0mPATCH /api/v1/auths/reset-password [32m200[0m 879.410 ms - 58[0m
[0mPATCH /api/v1/auths/reset-password [32m200[0m 608.819 ms - 58[0m
[0mPOST /api/v1/auths/forgot-password [32m200[0m 950.140 ms - 349[0m
[0mPATCH /api/v1/auths/reset-password [32m200[0m 618.743 ms - 58[0m
[0mGET /api/v1/users/6350214cff37fc2978a72317 [32m200[0m 324.247 ms - 170[0m
[0mPOST /api/v1/auths/signup [33m400[0m 8.038 ms - 47[0m
[0mPOST /api/v1/auths/signup [33m400[0m 4.447 ms - 47[0m
[0mPOST /api/v1/auths/signup [33m400[0m 1.178 ms - 47[0m
[0mPOST /api/v1/auths/signup [32m201[0m 622.875 ms - 530[0m
[0mPOST /api/v1/auths/signup [32m201[0m 1460.977 ms - 533[0m
[0mPOST /api/v1/auths/signup [32m201[0m 473.154 ms - 533[0m
[0mPOST /api/v1/auths/forgot-password [32m200[0m 673.316 ms - 349[0m
[0mPATCH /api/v1/auths/reset-password [32m200[0m 494.885 ms - 58[0m
[0mPOST /api/v1/auths/signup [32m201[0m 473.780 ms - 530[0m
[0mDELETE /api/v1/users/635148b36d9ddec851e414b9 [33m401[0m 152.603 ms - 47[0m
[0mGET /api/v1/users/635148b36d9ddec851e414b9 [32m200[0m 478.092 ms - 174[0m
[0mGET /api/v1/635148b36d9ddec851e414b9 [33m404[0m 3.975 ms - 170[0m
[0mGET /api/v1/users [33m401[0m 150.061 ms - 47[0m
[0mGET /api/v1/products [32m200[0m 295.678 ms - 42[0m
[0mPOST /api/v1/products [33m401[0m 146.566 ms - 47[0m
[0mPOST /api/v1/products [33m401[0m 267.277 ms - 47[0m
[0mPOST /api/v1/products [33m401[0m 157.962 ms - 47[0m
[0mPOST /api/v1/products [33m401[0m 148.905 ms - 47[0m
[0mPOST /api/v1/auths/signin [32m200[0m 422.192 ms - 452[0m
[0mPOST /api/v1/products [33m400[0m 153.026 ms - 312[0m
[0mPOST /api/v1/products [31m500[0m 226.813 ms - 1399[0m
[0mPOST /api/v1/products [33m400[0m 338.219 ms - 140[0m
[0mPOST /api/v1/products [33m400[0m 298.147 ms - 140[0m
[0mPOST /api/v1/products [32m200[0m 470.129 ms - 306[0m
[0mPOST /api/v1/products [32m200[0m 518.991 ms - 288[0m
[0mGET /api/v1/products [32m200[0m 308.545 ms - 461[0m
[0mGET /api/v1/products6351476d6d9ddec851e414aa [33m404[0m 7.837 ms - 178[0m
[0mGET /api/v1/products/6351476d6d9ddec851e414aa [32m200[0m 302.925 ms - 44[0m
[0mGET /api/v1/products/63514f26b9d002251c5c13de [32m200[0m 298.577 ms - 248[0m
[0mPATCH /api/v1/products/63514f26b9d002251c5c13de [32m200[0m 492.439 ms - 248[0m
[0mGET /api/v1/products [32m200[0m 298.265 ms - 454[0m
[0mGET /api/v1/users [33m401[0m 148.547 ms - 47[0m
[0mPOST /api/v1/auths/signup [33m404[0m 7.508 ms - 102[0m
[0mPOST /api/v1/auths/signup [33m404[0m 8.754 ms - 120[0m
[0mPOST /api/v1/auths/signup [33m404[0m 12.081 ms - 120[0m
[0mPOST /api/v1/auths/signup [33m404[0m 10.362 ms - 120[0m
[0mPOST /api/v1/auths/signup [33m404[0m 12.122 ms - 120[0m
[0mPOST /api/v1/auths/signup [33m404[0m 5.505 ms - 120[0m
[0mPOST /api/v1/auths/signup [33m404[0m 12.474 ms - 120[0m
[0mPOST /api/v1/auths/signup [33m404[0m 13.930 ms - 120[0m
[0mPOST /api/v1/auths/signup [33m404[0m 12.960 ms - 120[0m
[0mPOST /api/v1/auths/signup [33m400[0m 5.236 ms - 47[0m
[0mPOST /api/v1/auths/signup [33m400[0m 1.317 ms - 47[0m
[0mPOST /api/v1/auths/signup [33m404[0m 396.406 ms - 144[0m
[0mPOST /api/v1/auths/signup [33m404[0m 4.592 ms - 120[0m
[0mPOST /api/v1/auths/signup [33m404[0m 344.465 ms - 144[0m
[0mPOST /api/v1/auths/signup [32m201[0m 2245.562 ms - 555[0m
[0mPOST /api/v1/auths/signup [33m404[0m 13.849 ms - 120[0m
[0mPOST /api/v1/auths/signup [33m404[0m 25.500 ms - 120[0m
[0mPOST /api/v1/auths/signup [33m404[0m 25.724 ms - 120[0m
[0mPOST /api/v1/auths/signup [33m404[0m 10.982 ms - 120[0m
[0mPOST /api/v1/auths/signup [33m404[0m 11.166 ms - 120[0m
[0mPOST /api/v1/auths/signup [33m404[0m 16.833 ms - 120[0m
[0mPOST /api/v1/auths/signup [33m404[0m 21.578 ms - 120[0m
[0mPOST /api/v1/auths/signup [33m404[0m 14.248 ms - 120[0m
[0mPOST /api/v1/auths/signup [33m404[0m 13.399 ms - 120[0m
[0mPOST /api/v1/auths/signup [33m404[0m 10.956 ms - 120[0m
[0mPOST /api/v1/auths/signup [33m404[0m 12.657 ms - 120[0m
[0mPOST /api/v1/auths/signup [33m404[0m 342.341 ms - 126[0m
[0mPOST /api/v1/auths/signin [32m200[0m 353.562 ms - 454[0m
[0mGET /api/v1/products [32m200[0m 353.697 ms - 454[0m
[0mPOST /api/v1/products [32m200[0m 660.112 ms - 294[0m
[0mPATCH /api/v1/products/63514f26b9d002251c5c13de [33m400[0m 299.647 ms - 107[0m
[0mPATCH /api/v1/products/63514f26b9d002251c5c13de [32m200[0m 555.099 ms - 241[0m
[0mGET /api/v1/products [32m200[0m 331.733 ms - 442[0m
[0mPATCH /api/v1/products/63514f26b9d002251c5c13de [32m200[0m 535.071 ms - 241[0m
[0mGET /api/v1/products [32m200[0m 337.679 ms - 442[0m
[0mPATCH /api/v1/products/63514f26b9d002251c5c13de [32m200[0m 495.573 ms - 241[0m
[0mGET /api/v1/products [32m200[0m 315.266 ms - 442[0m
[0mPATCH /api/v1/products/63514f26b9d002251c5c13de [32m200[0m 521.973 ms - 241[0m
[0mGET /api/v1/products [32m200[0m 324.466 ms - 450[0m
[0mPATCH /api/v1/products/63514f26b9d002251c5c13de [32m200[0m 500.795 ms - 249[0m
[0mPATCH /api/v1/products/63514f26b9d002251c5c13de [32m200[0m 588.187 ms - 249[0m
[0mPATCH /api/v1/products/63514f26b9d002251c5c13de [32m200[0m 491.743 ms - 249[0m
[0mDELETE /api/v1/users/635148b36d9ddec851e414b9 [33m401[0m 160.748 ms - 47[0m
[0mPOST /api/v1/auths/signin [32m200[0m 424.712 ms - 451[0m
[0mPOST /api/v1/carts [32m200[0m 1062.826 ms - 332[0m
[0mPOST /api/v1/carts [32m200[0m 1345.818 ms - 307[0m
[0mGET /api/v1/carts [32m200[0m 334.662 ms - 304[0m
[0mPATCH /api/v1/carts/634acb91393d0ba705d826b4 [0m-[0m - ms - -[0m
[0mPATCH /api/v1/carts/63516a33fe3592816d9e9825 [33m404[0m 381.151 ms - 2[0m
[0mPATCH /api/v1/carts/63516a33fe3592816d9e9825 [33m404[0m 363.380 ms - 2[0m
[0mPATCH /api/v1/carts/63516a33fe3592816d9e9825 [33m404[0m 670.376 ms - 2[0m
[0mPATCH /api/v1/carts/63516a33fe3592816d9e9825 [33m404[0m 750.590 ms - 2[0m
[0mPATCH /api/v1/carts/63516a33fe3592816d9e9825 [32m200[0m 1258.888 ms - 314[0m
[0mGET /api/v1/carts [32m200[0m 316.908 ms - 304[0m
[0mGET /api/v1/carts?id=63516a33fe3592816d9e9825 [32m200[0m 332.933 ms - 304[0m
[0mPOST /api/v1/orders/checkout [33m400[0m 5203.138 ms - 14[0m
[0mPOST /api/v1/orders/checkout [32m201[0m 5979.248 ms - 872[0m
[0mPOST /api/v1/orders/checkout [33m400[0m 4712.889 ms - 14[0m
[0mPOST /api/v1/orders/checkout [32m201[0m 5333.985 ms - 660[0m
[0mGET /api/v1/carts [32m200[0m 304.677 ms - 42[0m
[0mPOST /api/v1/orders/checkout [32m201[0m 5363.854 ms - 660[0m
[0mPOST /api/v1/carts [32m200[0m 1296.540 ms - 308[0m
[0mGET /api/v1/carts [32m200[0m 333.213 ms - 273[0m
[0mPOST /api/v1/orders/checkout [33m400[0m 408.259 ms - 2[0m
[0mPOST /api/v1/orders/checkout [33m400[0m 466.022 ms - 2[0m
[0mPOST /api/v1/orders/checkout [33m400[0m 1375.292 ms - 2[0m
[0mPOST /api/v1/orders/checkout [32m201[0m 5020.050 ms - 872[0m
[0mPOST /api/v1/orders/checkout [33m400[0m 561.345 ms - 2[0m
[0mPOST /api/v1/orders/checkout [33m400[0m 685.844 ms - 2[0m
[0mPOST /api/v1/carts [32m200[0m 1183.126 ms - 308[0m
[0mGET /api/v1/carts [32m200[0m 309.480 ms - 273[0m
[0mPOST /api/v1/orders/checkout [33m400[0m 1574.485 ms - 2[0m
[0mPOST /api/v1/orders/checkout [32m201[0m 5789.950 ms - 872[0m
[0mPOST /api/v1/orders/checkout [33m400[0m 820.610 ms - 14[0m
[0mPOST /api/v1/carts [32m200[0m 825.878 ms - 308[0m
[0mPOST /api/v1/orders/checkout [33m400[0m 4699.661 ms - 14[0m
[0mPOST /api/v1/orders/checkout [32m201[0m 5210.130 ms - 870[0m
[0mPOST /api/v1/orders/checkout [33m400[0m 621.902 ms - 14[0m
[0mPOST /api/v1/orders/checkout [33m400[0m 718.621 ms - 14[0m
[0mPOST /api/v1/auths/signin [32m200[0m 342.106 ms - 451[0m
[0mPOST /api/v1/auths/signup [33m404[0m 360.369 ms - 126[0m
[0mPOST /api/v1/auths/signup [32m201[0m 564.938 ms - 532[0m
[0mGET /api/v1/users [33m401[0m 211.280 ms - 47[0m
[0mGET /api/v1/users/6351bdd0923999ef166d3cd9 [32m200[0m 333.277 ms - 176[0m
[0mPOST /api/v1/auths/signup [32m201[0m 592.355 ms - 535[0m
[0mPOST /api/v1/auths/forgot-password [32m200[0m 804.706 ms - 349[0m
[0mPATCH /api/v1/auths/reset-password [32m200[0m 568.480 ms - 58[0m
[0mPOST /api/v1/auths/signin [33m401[0m 384.397 ms - 55[0m
[0mPATCH /api/v1/auths/reset-password [32m200[0m 549.335 ms - 58[0m
[0mPOST /api/v1/auths/signin [33m401[0m 306.964 ms - 55[0m
[0mPOST /api/v1/auths/signin [32m200[0m 387.090 ms - 454[0m
[0mGET /api/v1/users/6351bf84d3c37103e4b45132 [32m200[0m 350.597 ms - 179[0m
[0mDELETE /api/v1/users/6351bf84d3c37103e4b45132 [33m401[0m 168.209 ms - 47[0m
[0mGET /api/v1/users [33m401[0m 180.772 ms - 47[0m
[0mPOST /api/v1/auths/signup [32m201[0m 532.952 ms - 539[0m
[0mPOST /api/v1/products [32m200[0m 1099.475 ms - 294[0m
[0mPOST /api/v1/carts [32m200[0m 986.234 ms - 308[0m
[0mPOST /api/v1/orders/checkout [32m201[0m 5584.512 ms - 885[0m
[0mPOST /api/v1/orders/checkout [33m400[0m 335.056 ms - 14[0m
[0mPOST /api/v1/carts [32m200[0m 1614.370 ms - 308[0m
[0mPOST /api/v1/orders/checkout [32m201[0m 5925.856 ms - 885[0m
[0mGET /api/v1/orders [32m200[0m 726.142 ms - 278[0m
[0mPOST /api/v1/orders/checkout [33m400[0m 346.076 ms - 14[0m
[0mPOST /api/v1/auths/forgot-password [32m200[0m 614.077 ms - 349[0m
[0mPATCH /api/v1/auths/reset-password [33m400[0m 462.379 ms - 95[0m
[0mPATCH /api/v1/auths/reset-password [33m400[0m 570.617 ms - 95[0m
[0mPATCH /api/v1/auths/reset-password [33m400[0m 486.893 ms - 95[0m
[0mPATCH /api/v1/auths/reset-password [33m400[0m 562.454 ms - 95[0m
[0mPATCH /api/v1/auths/reset-password [32m200[0m 634.292 ms - 58[0m
[0mPATCH /api/v1/auths/reset-password [32m200[0m 884.577 ms - 58[0m
[0mPATCH /api/v1/auths/reset-password [32m200[0m 492.648 ms - 58[0m
[0mPATCH /api/v1/auths/reset-password [33m400[0m 580.341 ms - 95[0m
[0mPATCH /api/v1/auths/reset-password [32m200[0m 490.015 ms - 58[0m
[0mPATCH /api/v1/auths/reset-password [33m400[0m 605.068 ms - 95[0m
[0mPATCH /api/v1/auths/reset-password [33m400[0m 448.703 ms - 95[0m
[0mPATCH /api/v1/auths/reset-password [33m400[0m 485.290 ms - 95[0m
[0mPATCH /api/v1/auths/reset-password [33m400[0m 513.149 ms - 95[0m
[0mPATCH /api/v1/auths/reset-password [33m400[0m 511.900 ms - 95[0m
[0mPATCH /api/v1/auths/reset-password [33m400[0m 754.575 ms - 95[0m
[0mPATCH /api/v1/auths/reset-password [32m200[0m 591.393 ms - 58[0m
[0mPATCH /api/v1/auths/reset-password [33m400[0m 750.685 ms - 95[0m
[0mPATCH /api/v1/auths/reset-password [33m400[0m 576.379 ms - 95[0m
[0mPATCH /api/v1/auths/reset-password [33m400[0m 484.913 ms - 95[0m
[0mPATCH /api/v1/auths/reset-password [32m200[0m 481.512 ms - 58[0m
[0mPOST /api/v1/orders/checkout [33m400[0m 383.839 ms - 14[0m
[0mPOST /api/v1/carts [32m200[0m 864.426 ms - 308[0m
[0mPOST /api/v1/orders/checkout [32m201[0m 7211.042 ms - 834[0m
[0mPOST /api/v1/carts [32m200[0m 2036.134 ms - 308[0m
[0mPOST /api/v1/orders/checkout [32m201[0m 5377.685 ms - 880[0m
[0mPOST /api/v1/orders/checkout [33m400[0m 284.545 ms - 14[0m
[0mPOST /api/v1/orders/checkout [33m400[0m 287.622 ms - 14[0m
[0mPOST /api/v1/carts [32m200[0m 3400.200 ms - 308[0m
[0mPOST /api/v1/orders/checkout [32m201[0m 5826.478 ms - 882[0m
[0mPOST /api/v1/carts [32m200[0m 1396.672 ms - 339[0m
[0mPOST /api/v1/orders/checkout [32m201[0m 5782.079 ms - 866[0m
[0mPOST /api/v1/carts [32m200[0m 5394.728 ms - 339[0m
[0mPOST /api/v1/orders/checkout [32m201[0m 5932.758 ms - 864[0m
[0mPOST /api/v1/auths/signup [33m400[0m 4.451 ms - 47[0m
[0mPOST /api/v1/auths/signup [33m400[0m 2.472 ms - 48[0m
[0mPOST /api/v1/auths/signup [33m404[0m 255.155 ms - 125[0m
[0mPOST /api/v1/auths/signup [32m201[0m 578.367 ms - 533[0m
[0mPOST /api/v1/auths/signup [33m404[0m 318.909 ms - 126[0m
[0mPOST /api/v1/auths/signup [32m201[0m 484.994 ms - 533[0m
[0mPOST /api/v1/products [32m200[0m 962.410 ms - 295[0m
[0mPATCH /api/v1/products/6353ab56340af74193a84fb9 [32m200[0m 680.008 ms - 255[0m
[0mPATCH /api/v1/products/6353ab56340af74193a84fb9 [32m200[0m 737.158 ms - 250[0m
[0mPATCH /api/v1/products/6353ab56340af74193a84fb9 [33m400[0m 614.120 ms - 108[0m
[0mPATCH /api/v1/products/6353ab56340af74193a84fb9 [32m200[0m 819.846 ms - 250[0m
[0mPATCH /api/v1/products/6353ab56340af74193a84fb9 [33m400[0m 633.928 ms - 108[0m
[0mPATCH /api/v1/products/6353ab56340af74193a84fb9 [32m200[0m 762.401 ms - 250[0m
[0mPATCH /api/v1/products/6353ab56340af74193a84fb9 [32m200[0m 783.225 ms - 250[0m
[0mPATCH /api/v1/products/6353ab56340af74193a84fb9 [32m200[0m 1030.824 ms - 250[0m
[0mPATCH /api/v1/products/6353ab56340af74193a84fb9 [32m200[0m 817.332 ms - 250[0m
[0mPATCH /api/v1/products/6353ab56340af74193a84fb9 [32m200[0m 820.401 ms - 250[0m
[0mPATCH /api/v1/products/6353ab56340af74193a84fb9 [32m200[0m 750.635 ms - 250[0m
[0mPATCH /api/v1/products/6353ab56340af74193a84fb9 [32m200[0m 703.374 ms - 255[0m
[0mPATCH /api/v1/products/6353ab56340af74193a84fb9 [32m200[0m 804.864 ms - 255[0m
[0mPATCH /api/v1/users/6353a99a90d12f941238af43 [33m403[0m 4.726 ms - 28[0m
[0mPATCH /api/v1/users/6353a99a90d12f941238af43 [33m400[0m 351.247 ms - 102[0m
[0mPATCH /api/v1/users/6353a99a90d12f941238af43 [32m200[0m 575.577 ms - 199[0m
[0mPATCH /api/v1/users/6353a99a90d12f941238af43 [32m200[0m 490.324 ms - 201[0m
[0mPOST /api/v1/foods [32m200[0m 535.471 ms - 295[0m
[0mPATCH /api/v1/foods/6353ab56340af74193a84fb9 [33m400[0m 366.243 ms - 53[0m
[0mPATCH /api/v1/foods/6353b9022012985312da6d51 [32m200[0m 812.382 ms - 255[0m
[0mPOST /api/v1/foods [32m200[0m 563.562 ms - 289[0m
[0mGET /api/v1/foods [33m400[0m 177.213 ms - 108[0m
[0mGET /api/v1/foods [33m400[0m 358.234 ms - 108[0m
[0mGET /api/v1/foods [32m200[0m 369.562 ms - 246[0m
[0mGET /api/v1/foods/6353c005bed1516a2ac37933 [32m200[0m 319.038 ms - 252[0m
[0mPATCH /api/v1/foods/6353c005bed1516a2ac37933 [31m500[0m 296.159 ms - 1399[0m
[0mPATCH /api/v1/foods/6353c005bed1516a2ac37933 [32m200[0m 781.487 ms - 249[0m
[0mDELETE /api/v1/foods/6353c005bed1516a2ac37933 [32m201[0m 307.643 ms - 56[0m
[0mPOST /api/v1/foods [32m200[0m 480.731 ms - 289[0m
[0mPOST /api/v1/carts [31m500[0m 339.510 ms - 2[0m
[0mPOST /api/v1/carts [32m200[0m 916.210 ms - 336[0m
[0mGET /api/v1/carts [32m200[0m 405.737 ms - 301[0m
[0mGET /api/v1/users [33m401[0m 162.675 ms - 47[0m
[0mPOST /api/v1/auths/signin [32m200[0m 450.373 ms - 454[0m
[0mGET /api/v1/carts [32m200[0m 317.239 ms - 301[0m
[0mPATCH /api/v1/carts/63516a33fe3592816d9e9825 [33m404[0m 315.167 ms - 2[0m
[0mPATCH /api/v1/carts/6353a99a90d12f941238af43 [33m404[0m 313.963 ms - 2[0m
[0mPATCH /api/v1/carts/6353a99a90d12f941238af43 [33m404[0m 352.057 ms - 2[0m
[0mPOST /api/v1/carts [32m200[0m 1246.381 ms - 336[0m
[0mGET /api/v1/carts [32m200[0m 311.699 ms - 561[0m
[0mPATCH /api/v1/carts/6353c44c66473e97fafd24d4 [32m200[0m 1154.703 ms - 311[0m
[0mGET /api/v1/carts?id=6353c44c66473e97fafd24d4 [32m200[0m 318.985 ms - 561[0m
[0mPOST /api/v1/orders/checkout [32m201[0m 6342.510 ms - 1056[0m
[0mPOST /api/v1/carts [32m200[0m 815.214 ms - 336[0m
[0mPATCH /api/v1/carts/6353c44c66473e97fafd24d4 [33m404[0m 333.692 ms - 2[0m
[0mPATCH /api/v1/carts/6353c5d366473e97fafd24f4 [32m200[0m 1171.507 ms - 311[0m
[0mPOST /api/v1/carts [32m200[0m 1150.261 ms - 336[0m
[0mGET /api/v1/carts [32m200[0m 309.647 ms - 561[0m
[0mGET /api/v1/orders [32m200[0m 482.426 ms - 460[0m
[0mGET /api/v1/orders [32m200[0m 590.079 ms - 460[0m
[0mGET /api/v1/orders [32m200[0m 515.940 ms - 460[0m
[0mGET /api/v1/carts [32m200[0m 348.093 ms - 561[0m
[0mGET /api/v1/orders [32m200[0m 523.011 ms - 460[0m
[0mGET /api/v1/orders [32m200[0m 570.391 ms - 460[0m
[0mGET /api/v1/orders [0m-[0m - ms - -[0m
[0mPOST /api/v1/carts [32m200[0m 1237.217 ms - 336[0m
[0mPOST /api/v1/carts [31m500[0m 747.218 ms - 2[0m
[0mPOST /api/v1/carts [32m200[0m 930.615 ms - 336[0m
[0mPOST /api/v1/carts [32m200[0m 1285.316 ms - 336[0m
[0mPOST /api/v1/carts [32m200[0m 1187.320 ms - 336[0m
[0mGET /api/v1/orders [32m200[0m 497.422 ms - 553[0m
[0mGET /api/v1/carts [32m200[0m 377.022 ms - 821[0m
[0mPATCH /api/v1/carts/6353c9d82b1ebc139216177d [32m200[0m 1167.239 ms - 311[0m
[0mGET /api/v1/carts [32m200[0m 300.683 ms - 821[0m
[0mGET /api/v1/orders [32m200[0m 506.492 ms - 553[0m
[0mGET /api/v1/orders [32m200[0m 558.700 ms - 553[0m
[0mPATCH /api/v1/carts/6353c9d82b1ebc139216177d [32m200[0m 1746.772 ms - 311[0m
[0mPATCH /api/v1/carts/6353c9d82b1ebc139216177d [33m404[0m 917.558 ms - 2[0m
[0mPATCH /api/v1/carts/6353c9d82b1ebc139216177d [32m200[0m 896.539 ms - 48[0m
[0mPATCH /api/v1/carts/6353c9d82b1ebc139216177d [32m200[0m 1212.568 ms - 311[0m
[0mGET /api/v1/orders [32m200[0m 536.237 ms - 553[0m
[0mGET /api/v1/orders [32m200[0m 564.494 ms - 553[0m
[0mGET /api/v1/orders [32m200[0m 487.603 ms - 553[0m
[0mPATCH /api/v1/carts/6353c9d82b1ebc139216177d [32m200[0m 1177.954 ms - 311[0m
[0mGET /api/v1/orders [32m200[0m 463.947 ms - 553[0m
[0mPATCH /api/v1/carts/6353c9d82b1ebc139216177d [32m200[0m 1250.999 ms - 311[0m
[0mPOST /api/v1/carts [32m200[0m 804.708 ms - 336[0m
[0mPOST /api/v1/carts [32m200[0m 1066.201 ms - 336[0m
[0mPOST /api/v1/carts [32m200[0m 1109.153 ms - 336[0m
[0mGET /api/v1/carts [32m200[0m 298.851 ms - 821[0m
[0mGET /api/v1/orders [32m200[0m 440.123 ms - 553[0m
[0mPATCH /api/v1/carts/63540100a5f52eec65b92a3f [32m200[0m 1105.740 ms - 311[0m
[0mGET /api/v1/orders [32m200[0m 469.014 ms - 553[0m
[0mPATCH /api/v1/carts/63540100a5f52eec65b92a3f [32m200[0m 1207.013 ms - 311[0m
[0mPOST /api/v1/favorites [31m500[0m 853.174 ms - 2[0m
[0mPOST /api/v1/favorites [32m200[0m 895.847 ms - 336[0m
[0mGET /api/v1/favorites [32m200[0m 310.590 ms - 561[0m
[0mPATCH /api/v1/favorites/635410f34a7fa1fc6e779761 [32m200[0m 1101.387 ms - 311[0m
[0mGET /api/v1/favorites?id=6353c44c66473e97fafd24d4 [32m200[0m 306.476 ms - 561[0m
[0mGET /api/v1/favorites?id=6353c44c66473e97fafd24d4 [32m200[0m 294.678 ms - 561[0m
[0mGET /api/v1/carts?id=6353c44c66473e97fafd24d4 [32m200[0m 305.082 ms - 821[0m
[0mGET /api/v1/carts?id=63540105a5f52eec65b92a4a [32m200[0m 298.247 ms - 821[0m
[0mGET /api/v1/carts?id=635400fda5f52eec65b92a37 [32m200[0m 304.808 ms - 821[0m
[0mGET /api/v1/carts/635400fda5f52eec65b92a37 [32m200[0m 307.084 ms - 295[0m
[0mGET /api/v1/favorites/6353c44c66473e97fafd24d4 [33m400[0m 302.324 ms - 53[0m
[0mGET /api/v1/favorites/635410f34a7fa1fc6e779761 [32m200[0m 289.093 ms - 295[0m
[0mDELETE /api/v1/favorites/635410f34a7fa1fc6e779761 [32m200[0m 1205.601 ms - 58[0m
[0mGET /api/v1/favorites [32m200[0m 354.615 ms - 42[0m
[0mPOST /api/v1/favorites [32m200[0m 883.906 ms - 336[0m
[0mGET /api/v1/favorites [32m200[0m 302.388 ms - 301[0m
